<?xml version="1.0" encoding="UTF-8"?>
<!-- Generated by org.testng.reporters.JUnitXMLReporter -->
<testsuite hostname="DESKTOP-BAI8GB9" name="Surefire test" tests="3" failures="0" timestamp="11 Mar 2021 18:33:44 GMT" time="10.041" errors="0">
  <testcase name="runScenario" time="1.893" classname="runners.TestRunner"/>
  <testcase name="runScenario" time="4.083" classname="runners.TestRunner"/>
  <testcase name="runScenario" time="1.087" classname="runners.TestRunner"/>
</testsuite> <!-- Surefire test -->
