<?xml version="1.0" encoding="UTF-8"?>
<!-- Generated by org.testng.reporters.JUnitXMLReporter -->
<testsuite hostname="pc_medina" name="Surefire test" tests="3" failures="0" timestamp="9 Mar 2021 17:45:02 GMT" time="9.66" errors="0">
  <testcase name="runScenario" time="1.862" classname="runners.TestRunner"/>
  <testcase name="runScenario" time="3.983" classname="runners.TestRunner"/>
  <testcase name="runScenario" time="1.261" classname="runners.TestRunner"/>
</testsuite> <!-- Surefire test -->
