<?xml version="1.0" encoding="UTF-8"?>
<testng-results skipped="0" failed="0" total="3" passed="3">
  <reporter-output>
  </reporter-output>
  <suite name="Surefire suite" duration-ms="9660" started-at="2021-03-09T17:44:52Z" finished-at="2021-03-09T17:45:02Z">
    <groups>
      <group name="cucumber">
        <method signature="AbstractTestNGCucumberTests.runScenario(io.cucumber.testng.PickleWrapper, io.cucumber.testng.FeatureWrapper)[pri:0, instance:runners.TestRunner@50f8360d]" name="runScenario" class="io.cucumber.testng.AbstractTestNGCucumberTests"/>
      </group> <!-- cucumber -->
    </groups>
    <test name="Surefire test" duration-ms="9660" started-at="2021-03-09T17:44:52Z" finished-at="2021-03-09T17:45:02Z">
      <class name="runners.TestRunner">
        <test-method status="PASS" signature="setUp(java.lang.String)[pri:0, instance:runners.TestRunner@50f8360d]" name="setUp" is-config="true" duration-ms="6219" started-at="2021-03-09T14:44:46Z" finished-at="2021-03-09T14:44:52Z">
          <params>
            <param index="0">
              <value>
                <![CDATA[microsoft_edge]]>
              </value>
            </param>
          </params>
          <reporter-output>
          </reporter-output>
        </test-method> <!-- setUp -->
        <test-method status="PASS" signature="setUpClass()[pri:0, instance:runners.TestRunner@50f8360d]" name="setUpClass" is-config="true" duration-ms="748" started-at="2021-03-09T14:44:52Z" finished-at="2021-03-09T14:44:53Z">
          <reporter-output>
          </reporter-output>
        </test-method> <!-- setUpClass -->
        <test-method status="PASS" signature="runScenario(io.cucumber.testng.PickleWrapper, io.cucumber.testng.FeatureWrapper)[pri:0, instance:runners.TestRunner@50f8360d]" name="runScenario" duration-ms="1862" started-at="2021-03-09T14:44:53Z" description="Runs Cucumber Scenarios" data-provider="scenarios" finished-at="2021-03-09T14:44:55Z">
          <params>
            <param index="0">
              <value>
                <![CDATA["Unsuccessful Admin Login using invalid credentials"]]>
              </value>
            </param>
            <param index="1">
              <value>
                <![CDATA["Optional[Unsuccessful Orange HRM Login]"]]>
              </value>
            </param>
          </params>
          <reporter-output>
          </reporter-output>
        </test-method> <!-- runScenario -->
        <test-method status="PASS" signature="runScenario(io.cucumber.testng.PickleWrapper, io.cucumber.testng.FeatureWrapper)[pri:0, instance:runners.TestRunner@50f8360d]" name="runScenario" duration-ms="3983" started-at="2021-03-09T14:44:55Z" description="Runs Cucumber Scenarios" data-provider="scenarios" finished-at="2021-03-09T14:44:59Z">
          <params>
            <param index="0">
              <value>
                <![CDATA["Successful Admin Login using invalid credentials"]]>
              </value>
            </param>
            <param index="1">
              <value>
                <![CDATA["Optional[Successful Orange HRM Login]"]]>
              </value>
            </param>
          </params>
          <reporter-output>
          </reporter-output>
        </test-method> <!-- runScenario -->
        <test-method status="PASS" signature="runScenario(io.cucumber.testng.PickleWrapper, io.cucumber.testng.FeatureWrapper)[pri:0, instance:runners.TestRunner@50f8360d]" name="runScenario" duration-ms="1261" started-at="2021-03-09T14:44:59Z" description="Runs Cucumber Scenarios" data-provider="scenarios" finished-at="2021-03-09T14:45:00Z">
          <params>
            <param index="0">
              <value>
                <![CDATA["Successful Admin Logout"]]>
              </value>
            </param>
            <param index="1">
              <value>
                <![CDATA["Optional[Successful Orange HRM Logout]"]]>
              </value>
            </param>
          </params>
          <reporter-output>
          </reporter-output>
        </test-method> <!-- runScenario -->
        <test-method status="PASS" signature="tearDownClass()[pri:0, instance:runners.TestRunner@50f8360d]" name="tearDownClass" is-config="true" duration-ms="1790" started-at="2021-03-09T14:45:00Z" finished-at="2021-03-09T14:45:02Z">
          <reporter-output>
          </reporter-output>
        </test-method> <!-- tearDownClass -->
        <test-method status="PASS" signature="tearDown()[pri:0, instance:runners.TestRunner@50f8360d]" name="tearDown" is-config="true" duration-ms="3703" started-at="2021-03-09T14:45:02Z" finished-at="2021-03-09T14:45:06Z">
          <reporter-output>
          </reporter-output>
        </test-method> <!-- tearDown -->
      </class> <!-- runners.TestRunner -->
    </test> <!-- Surefire test -->
  </suite> <!-- Surefire suite -->
</testng-results>
